c:\users\nana\desktop\c++\cheesymaze\cheesymaze\debug\vc140.pdb
c:\users\nana\desktop\c++\cheesymaze\cheesymaze\debug\vc140.idb
c:\users\nana\desktop\c++\cheesymaze\cheesymaze\debug\maze.obj
c:\users\nana\desktop\c++\cheesymaze\cheesymaze\debug\game.obj
c:\users\nana\desktop\c++\cheesymaze\cheesymaze\debug\graphics.obj
c:\users\nana\desktop\c++\cheesymaze\cheesymaze\debug\mouse1.obj
c:\users\nana\desktop\c++\cheesymaze\cheesymaze\debug\source.obj
c:\users\nana\desktop\c++\cheesymaze\cheesymaze\debug\timebar.obj
c:\users\nana\desktop\c++\cheesymaze\cheesymaze\debug\memory.obj
c:\users\nana\desktop\c++\cheesymaze\cheesymaze\debug\moves.obj
c:\users\nana\desktop\c++\cheesymaze — kopia\cheesymaze\debug\vc140.pdb
c:\users\nana\desktop\c++\cheesymaze — kopia\cheesymaze\debug\vc140.idb
c:\users\nana\desktop\c++\cheesymaze — kopia\cheesymaze\debug\game.obj
c:\users\nana\desktop\c++\cheesymaze — kopia\cheesymaze\debug\graphics.obj
c:\users\nana\desktop\c++\cheesymaze — kopia\cheesymaze\debug\maze.obj
c:\users\nana\desktop\c++\cheesymaze — kopia\cheesymaze\debug\memory.obj
c:\users\nana\desktop\c++\cheesymaze — kopia\cheesymaze\debug\mouse1.obj
c:\users\nana\desktop\c++\cheesymaze — kopia\cheesymaze\debug\moves.obj
c:\users\nana\desktop\c++\cheesymaze — kopia\cheesymaze\debug\source.obj
c:\users\nana\desktop\c++\cheesymaze — kopia\cheesymaze\debug\timebar.obj
c:\users\nana\desktop\c++\cheesymaze\debug\cheesymaze.ilk
c:\users\nana\desktop\c++\cheesymaze\debug\cheesymaze.exe
c:\users\nana\desktop\c++\cheesymaze\debug\cheesymaze.pdb
c:\users\nana\desktop\c++\cheesymaze — kopia\debug\cheesymaze.ilk
c:\users\nana\desktop\c++\cheesymaze — kopia\debug\cheesymaze.exe
c:\users\nana\desktop\c++\cheesymaze — kopia\debug\cheesymaze.pdb
c:\users\nana\desktop\c++\cheesymaze\cheesymaze\debug\cheesymaze.res
c:\users\nana\desktop\c++\cheesymaze — kopia\cheesymaze\debug\cheesymaze.res
c:\users\nana\desktop\c++\cheesymaze — kopia\cheesymaze\debug\cheesymaze.tlog\cl.command.1.tlog
c:\users\nana\desktop\c++\cheesymaze — kopia\cheesymaze\debug\cheesymaze.tlog\cl.read.1.tlog
c:\users\nana\desktop\c++\cheesymaze — kopia\cheesymaze\debug\cheesymaze.tlog\cl.write.1.tlog
c:\users\nana\desktop\c++\cheesymaze — kopia\cheesymaze\debug\cheesymaze.tlog\link.command.1.tlog
c:\users\nana\desktop\c++\cheesymaze — kopia\cheesymaze\debug\cheesymaze.tlog\link.read.1.tlog
c:\users\nana\desktop\c++\cheesymaze — kopia\cheesymaze\debug\cheesymaze.tlog\link.write.1.tlog
c:\users\nana\desktop\c++\cheesymaze — kopia\cheesymaze\debug\cheesymaze.tlog\rc.command.1.tlog
c:\users\nana\desktop\c++\cheesymaze — kopia\cheesymaze\debug\cheesymaze.tlog\rc.read.1.tlog
c:\users\nana\desktop\c++\cheesymaze — kopia\cheesymaze\debug\cheesymaze.tlog\rc.write.1.tlog
